<?xml version="1.0" encoding="UTF-8"?>
<testsuite xmlns:xsi="http://www.w3.org/2001/XMLSchema-instance" xsi:noNamespaceSchemaLocation="https://maven.apache.org/surefire/maven-surefire-plugin/xsd/surefire-test-report.xsd" name="com.jackguo.CarcmsApplicationTests" time="5.129" tests="1" errors="0" skipped="0" failures="0">
  <properties>
    <property name="sun.desktop" value="windows"/>
    <property name="awt.toolkit" value="sun.awt.windows.WToolkit"/>
    <property name="file.encoding.pkg" value="sun.io"/>
    <property name="java.specification.version" value="1.8"/>
    <property name="sun.cpu.isalist" value="amd64"/>
    <property name="sun.jnu.encoding" value="GBK"/>
    <property name="java.class.path" value="E:\IdeaSpringCould\malllcms\target\test-classes;E:\IdeaSpringCould\malllcms\target\classes;E:\maven\apache-maven-3.6.3\conf\repository\org\springframework\boot\spring-boot-starter-jdbc\2.4.4\spring-boot-starter-jdbc-2.4.4.jar;E:\maven\apache-maven-3.6.3\conf\repository\org\springframework\boot\spring-boot-starter\2.4.4\spring-boot-starter-2.4.4.jar;E:\maven\apache-maven-3.6.3\conf\repository\org\springframework\boot\spring-boot\2.4.4\spring-boot-2.4.4.jar;E:\maven\apache-maven-3.6.3\conf\repository\org\springframework\boot\spring-boot-starter-logging\2.4.4\spring-boot-starter-logging-2.4.4.jar;E:\maven\apache-maven-3.6.3\conf\repository\ch\qos\logback\logback-classic\1.2.3\logback-classic-1.2.3.jar;E:\maven\apache-maven-3.6.3\conf\repository\ch\qos\logback\logback-core\1.2.3\logback-core-1.2.3.jar;E:\maven\apache-maven-3.6.3\conf\repository\org\apache\logging\log4j\log4j-to-slf4j\2.13.3\log4j-to-slf4j-2.13.3.jar;E:\maven\apache-maven-3.6.3\conf\repository\org\apache\logging\log4j\log4j-api\2.13.3\log4j-api-2.13.3.jar;E:\maven\apache-maven-3.6.3\conf\repository\org\slf4j\jul-to-slf4j\1.7.30\jul-to-slf4j-1.7.30.jar;E:\maven\apache-maven-3.6.3\conf\repository\jakarta\annotation\jakarta.annotation-api\1.3.5\jakarta.annotation-api-1.3.5.jar;E:\maven\apache-maven-3.6.3\conf\repository\org\yaml\snakeyaml\1.27\snakeyaml-1.27.jar;E:\maven\apache-maven-3.6.3\conf\repository\com\zaxxer\HikariCP\3.4.5\HikariCP-3.4.5.jar;E:\maven\apache-maven-3.6.3\conf\repository\org\springframework\spring-jdbc\5.3.5\spring-jdbc-5.3.5.jar;E:\maven\apache-maven-3.6.3\conf\repository\org\springframework\spring-beans\5.3.5\spring-beans-5.3.5.jar;E:\maven\apache-maven-3.6.3\conf\repository\org\springframework\spring-tx\5.3.5\spring-tx-5.3.5.jar;E:\maven\apache-maven-3.6.3\conf\repository\org\springframework\boot\spring-boot-starter-thymeleaf\2.4.4\spring-boot-starter-thymeleaf-2.4.4.jar;E:\maven\apache-maven-3.6.3\conf\repository\org\thymeleaf\thymeleaf-spring5\3.0.12.RELEASE\thymeleaf-spring5-3.0.12.RELEASE.jar;E:\maven\apache-maven-3.6.3\conf\repository\org\thymeleaf\thymeleaf\3.0.12.RELEASE\thymeleaf-3.0.12.RELEASE.jar;E:\maven\apache-maven-3.6.3\conf\repository\org\attoparser\attoparser\2.0.5.RELEASE\attoparser-2.0.5.RELEASE.jar;E:\maven\apache-maven-3.6.3\conf\repository\org\unbescape\unbescape\1.1.6.RELEASE\unbescape-1.1.6.RELEASE.jar;E:\maven\apache-maven-3.6.3\conf\repository\org\thymeleaf\extras\thymeleaf-extras-java8time\3.0.4.RELEASE\thymeleaf-extras-java8time-3.0.4.RELEASE.jar;E:\maven\apache-maven-3.6.3\conf\repository\org\springframework\boot\spring-boot-starter-web\2.4.4\spring-boot-starter-web-2.4.4.jar;E:\maven\apache-maven-3.6.3\conf\repository\org\springframework\boot\spring-boot-starter-json\2.4.4\spring-boot-starter-json-2.4.4.jar;E:\maven\apache-maven-3.6.3\conf\repository\com\fasterxml\jackson\core\jackson-databind\2.11.4\jackson-databind-2.11.4.jar;E:\maven\apache-maven-3.6.3\conf\repository\com\fasterxml\jackson\datatype\jackson-datatype-jdk8\2.11.4\jackson-datatype-jdk8-2.11.4.jar;E:\maven\apache-maven-3.6.3\conf\repository\com\fasterxml\jackson\datatype\jackson-datatype-jsr310\2.11.4\jackson-datatype-jsr310-2.11.4.jar;E:\maven\apache-maven-3.6.3\conf\repository\com\fasterxml\jackson\module\jackson-module-parameter-names\2.11.4\jackson-module-parameter-names-2.11.4.jar;E:\maven\apache-maven-3.6.3\conf\repository\org\springframework\boot\spring-boot-starter-tomcat\2.4.4\spring-boot-starter-tomcat-2.4.4.jar;E:\maven\apache-maven-3.6.3\conf\repository\org\apache\tomcat\embed\tomcat-embed-core\9.0.44\tomcat-embed-core-9.0.44.jar;E:\maven\apache-maven-3.6.3\conf\repository\org\glassfish\jakarta.el\3.0.3\jakarta.el-3.0.3.jar;E:\maven\apache-maven-3.6.3\conf\repository\org\apache\tomcat\embed\tomcat-embed-websocket\9.0.44\tomcat-embed-websocket-9.0.44.jar;E:\maven\apache-maven-3.6.3\conf\repository\org\springframework\spring-web\5.3.5\spring-web-5.3.5.jar;E:\maven\apache-maven-3.6.3\conf\repository\org\springframework\spring-webmvc\5.3.5\spring-webmvc-5.3.5.jar;E:\maven\apache-maven-3.6.3\conf\repository\org\springframework\spring-aop\5.3.5\spring-aop-5.3.5.jar;E:\maven\apache-maven-3.6.3\conf\repository\org\springframework\spring-context\5.3.5\spring-context-5.3.5.jar;E:\maven\apache-maven-3.6.3\conf\repository\org\springframework\spring-expression\5.3.5\spring-expression-5.3.5.jar;E:\maven\apache-maven-3.6.3\conf\repository\org\mybatis\spring\boot\mybatis-spring-boot-starter\2.1.4\mybatis-spring-boot-starter-2.1.4.jar;E:\maven\apache-maven-3.6.3\conf\repository\org\mybatis\spring\boot\mybatis-spring-boot-autoconfigure\2.1.4\mybatis-spring-boot-autoconfigure-2.1.4.jar;E:\maven\apache-maven-3.6.3\conf\repository\org\mybatis\mybatis\3.5.6\mybatis-3.5.6.jar;E:\maven\apache-maven-3.6.3\conf\repository\org\mybatis\mybatis-spring\2.0.6\mybatis-spring-2.0.6.jar;E:\maven\apache-maven-3.6.3\conf\repository\mysql\mysql-connector-java\8.0.23\mysql-connector-java-8.0.23.jar;E:\maven\apache-maven-3.6.3\conf\repository\org\projectlombok\lombok\1.18.18\lombok-1.18.18.jar;E:\maven\apache-maven-3.6.3\conf\repository\org\springframework\boot\spring-boot-starter-test\2.4.4\spring-boot-starter-test-2.4.4.jar;E:\maven\apache-maven-3.6.3\conf\repository\org\springframework\boot\spring-boot-test\2.4.4\spring-boot-test-2.4.4.jar;E:\maven\apache-maven-3.6.3\conf\repository\org\springframework\boot\spring-boot-test-autoconfigure\2.4.4\spring-boot-test-autoconfigure-2.4.4.jar;E:\maven\apache-maven-3.6.3\conf\repository\com\jayway\jsonpath\json-path\2.4.0\json-path-2.4.0.jar;E:\maven\apache-maven-3.6.3\conf\repository\net\minidev\json-smart\2.3\json-smart-2.3.jar;E:\maven\apache-maven-3.6.3\conf\repository\net\minidev\accessors-smart\1.2\accessors-smart-1.2.jar;E:\maven\apache-maven-3.6.3\conf\repository\org\ow2\asm\asm\5.0.4\asm-5.0.4.jar;E:\maven\apache-maven-3.6.3\conf\repository\jakarta\xml\bind\jakarta.xml.bind-api\2.3.3\jakarta.xml.bind-api-2.3.3.jar;E:\maven\apache-maven-3.6.3\conf\repository\jakarta\activation\jakarta.activation-api\1.2.2\jakarta.activation-api-1.2.2.jar;E:\maven\apache-maven-3.6.3\conf\repository\org\assertj\assertj-core\3.18.1\assertj-core-3.18.1.jar;E:\maven\apache-maven-3.6.3\conf\repository\org\hamcrest\hamcrest\2.2\hamcrest-2.2.jar;E:\maven\apache-maven-3.6.3\conf\repository\org\junit\jupiter\junit-jupiter\5.7.1\junit-jupiter-5.7.1.jar;E:\maven\apache-maven-3.6.3\conf\repository\org\junit\jupiter\junit-jupiter-api\5.7.1\junit-jupiter-api-5.7.1.jar;E:\maven\apache-maven-3.6.3\conf\repository\org\apiguardian\apiguardian-api\1.1.0\apiguardian-api-1.1.0.jar;E:\maven\apache-maven-3.6.3\conf\repository\org\opentest4j\opentest4j\1.2.0\opentest4j-1.2.0.jar;E:\maven\apache-maven-3.6.3\conf\repository\org\junit\platform\junit-platform-commons\1.7.1\junit-platform-commons-1.7.1.jar;E:\maven\apache-maven-3.6.3\conf\repository\org\junit\jupiter\junit-jupiter-params\5.7.1\junit-jupiter-params-5.7.1.jar;E:\maven\apache-maven-3.6.3\conf\repository\org\junit\jupiter\junit-jupiter-engine\5.7.1\junit-jupiter-engine-5.7.1.jar;E:\maven\apache-maven-3.6.3\conf\repository\org\junit\platform\junit-platform-engine\1.7.1\junit-platform-engine-1.7.1.jar;E:\maven\apache-maven-3.6.3\conf\repository\org\mockito\mockito-core\3.6.28\mockito-core-3.6.28.jar;E:\maven\apache-maven-3.6.3\conf\repository\net\bytebuddy\byte-buddy\1.10.22\byte-buddy-1.10.22.jar;E:\maven\apache-maven-3.6.3\conf\repository\net\bytebuddy\byte-buddy-agent\1.10.22\byte-buddy-agent-1.10.22.jar;E:\maven\apache-maven-3.6.3\conf\repository\org\objenesis\objenesis\3.1\objenesis-3.1.jar;E:\maven\apache-maven-3.6.3\conf\repository\org\mockito\mockito-junit-jupiter\3.6.28\mockito-junit-jupiter-3.6.28.jar;E:\maven\apache-maven-3.6.3\conf\repository\org\skyscreamer\jsonassert\1.5.0\jsonassert-1.5.0.jar;E:\maven\apache-maven-3.6.3\conf\repository\com\vaadin\external\google\android-json\0.0.20131108.vaadin1\android-json-0.0.20131108.vaadin1.jar;E:\maven\apache-maven-3.6.3\conf\repository\org\springframework\spring-core\5.3.5\spring-core-5.3.5.jar;E:\maven\apache-maven-3.6.3\conf\repository\org\springframework\spring-jcl\5.3.5\spring-jcl-5.3.5.jar;E:\maven\apache-maven-3.6.3\conf\repository\org\springframework\spring-test\5.3.5\spring-test-5.3.5.jar;E:\maven\apache-maven-3.6.3\conf\repository\org\xmlunit\xmlunit-core\2.7.0\xmlunit-core-2.7.0.jar;E:\maven\apache-maven-3.6.3\conf\repository\com\alibaba\druid-spring-boot-starter\1.1.20\druid-spring-boot-starter-1.1.20.jar;E:\maven\apache-maven-3.6.3\conf\repository\com\alibaba\druid\1.1.20\druid-1.1.20.jar;E:\maven\apache-maven-3.6.3\conf\repository\org\slf4j\slf4j-api\1.7.30\slf4j-api-1.7.30.jar;E:\maven\apache-maven-3.6.3\conf\repository\org\springframework\boot\spring-boot-autoconfigure\2.4.4\spring-boot-autoconfigure-2.4.4.jar;E:\maven\apache-maven-3.6.3\conf\repository\org\apache\shiro\shiro-spring\1.6.0\shiro-spring-1.6.0.jar;E:\maven\apache-maven-3.6.3\conf\repository\org\apache\shiro\shiro-core\1.6.0\shiro-core-1.6.0.jar;E:\maven\apache-maven-3.6.3\conf\repository\org\apache\shiro\shiro-lang\1.6.0\shiro-lang-1.6.0.jar;E:\maven\apache-maven-3.6.3\conf\repository\org\apache\shiro\shiro-cache\1.6.0\shiro-cache-1.6.0.jar;E:\maven\apache-maven-3.6.3\conf\repository\org\apache\shiro\shiro-crypto-hash\1.6.0\shiro-crypto-hash-1.6.0.jar;E:\maven\apache-maven-3.6.3\conf\repository\org\apache\shiro\shiro-crypto-core\1.6.0\shiro-crypto-core-1.6.0.jar;E:\maven\apache-maven-3.6.3\conf\repository\org\apache\shiro\shiro-crypto-cipher\1.6.0\shiro-crypto-cipher-1.6.0.jar;E:\maven\apache-maven-3.6.3\conf\repository\org\apache\shiro\shiro-config-core\1.6.0\shiro-config-core-1.6.0.jar;E:\maven\apache-maven-3.6.3\conf\repository\org\apache\shiro\shiro-config-ogdl\1.6.0\shiro-config-ogdl-1.6.0.jar;E:\maven\apache-maven-3.6.3\conf\repository\commons-beanutils\commons-beanutils\1.9.4\commons-beanutils-1.9.4.jar;E:\maven\apache-maven-3.6.3\conf\repository\commons-collections\commons-collections\3.2.2\commons-collections-3.2.2.jar;E:\maven\apache-maven-3.6.3\conf\repository\org\apache\shiro\shiro-event\1.6.0\shiro-event-1.6.0.jar;E:\maven\apache-maven-3.6.3\conf\repository\org\apache\shiro\shiro-web\1.6.0\shiro-web-1.6.0.jar;E:\maven\apache-maven-3.6.3\conf\repository\org\owasp\encoder\encoder\1.2.2\encoder-1.2.2.jar;E:\maven\apache-maven-3.6.3\conf\repository\com\github\theborakompanioni\thymeleaf-extras-shiro\2.0.0\thymeleaf-extras-shiro-2.0.0.jar;E:\maven\apache-maven-3.6.3\conf\repository\log4j\log4j\1.2.17\log4j-1.2.17.jar;E:\maven\apache-maven-3.6.3\conf\repository\com\github\pagehelper\pagehelper-spring-boot-starter\1.2.5\pagehelper-spring-boot-starter-1.2.5.jar;E:\maven\apache-maven-3.6.3\conf\repository\com\github\pagehelper\pagehelper-spring-boot-autoconfigure\1.2.5\pagehelper-spring-boot-autoconfigure-1.2.5.jar;E:\maven\apache-maven-3.6.3\conf\repository\com\github\pagehelper\pagehelper\5.1.4\pagehelper-5.1.4.jar;E:\maven\apache-maven-3.6.3\conf\repository\com\github\jsqlparser\jsqlparser\1.0\jsqlparser-1.0.jar;E:\maven\apache-maven-3.6.3\conf\repository\commons-io\commons-io\2.6\commons-io-2.6.jar;E:\maven\apache-maven-3.6.3\conf\repository\com\fasterxml\jackson\core\jackson-annotations\2.11.4\jackson-annotations-2.11.4.jar;E:\maven\apache-maven-3.6.3\conf\repository\com\fasterxml\jackson\core\jackson-core\2.11.4\jackson-core-2.11.4.jar;E:\maven\apache-maven-3.6.3\conf\repository\cn\hutool\hutool-all\5.4.7\hutool-all-5.4.7.jar;E:\maven\apache-maven-3.6.3\conf\repository\org\hibernate\validator\hibernate-validator\6.0.21.Final\hibernate-validator-6.0.21.Final.jar;E:\maven\apache-maven-3.6.3\conf\repository\javax\validation\validation-api\2.0.1.Final\validation-api-2.0.1.Final.jar;E:\maven\apache-maven-3.6.3\conf\repository\org\jboss\logging\jboss-logging\3.4.1.Final\jboss-logging-3.4.1.Final.jar;E:\maven\apache-maven-3.6.3\conf\repository\com\fasterxml\classmate\1.5.1\classmate-1.5.1.jar;E:\maven\apache-maven-3.6.3\conf\repository\io\springfox\springfox-swagger2\2.9.2\springfox-swagger2-2.9.2.jar;E:\maven\apache-maven-3.6.3\conf\repository\io\swagger\swagger-annotations\1.5.20\swagger-annotations-1.5.20.jar;E:\maven\apache-maven-3.6.3\conf\repository\io\swagger\swagger-models\1.5.20\swagger-models-1.5.20.jar;E:\maven\apache-maven-3.6.3\conf\repository\io\springfox\springfox-spi\2.9.2\springfox-spi-2.9.2.jar;E:\maven\apache-maven-3.6.3\conf\repository\io\springfox\springfox-core\2.9.2\springfox-core-2.9.2.jar;E:\maven\apache-maven-3.6.3\conf\repository\io\springfox\springfox-schema\2.9.2\springfox-schema-2.9.2.jar;E:\maven\apache-maven-3.6.3\conf\repository\io\springfox\springfox-swagger-common\2.9.2\springfox-swagger-common-2.9.2.jar;E:\maven\apache-maven-3.6.3\conf\repository\io\springfox\springfox-spring-web\2.9.2\springfox-spring-web-2.9.2.jar;E:\maven\apache-maven-3.6.3\conf\repository\com\google\guava\guava\20.0\guava-20.0.jar;E:\maven\apache-maven-3.6.3\conf\repository\org\springframework\plugin\spring-plugin-core\1.2.0.RELEASE\spring-plugin-core-1.2.0.RELEASE.jar;E:\maven\apache-maven-3.6.3\conf\repository\org\springframework\plugin\spring-plugin-metadata\1.2.0.RELEASE\spring-plugin-metadata-1.2.0.RELEASE.jar;E:\maven\apache-maven-3.6.3\conf\repository\org\mapstruct\mapstruct\1.2.0.Final\mapstruct-1.2.0.Final.jar;E:\maven\apache-maven-3.6.3\conf\repository\io\springfox\springfox-swagger-ui\2.9.2\springfox-swagger-ui-2.9.2.jar;E:\maven\apache-maven-3.6.3\conf\repository\commons-codec\commons-codec\1.15\commons-codec-1.15.jar;E:\maven\apache-maven-3.6.3\conf\repository\org\apache\commons\commons-lang3\3.6\commons-lang3-3.6.jar;"/>
    <property name="java.vm.vendor" value="Oracle Corporation"/>
    <property name="sun.arch.data.model" value="64"/>
    <property name="user.variant" value=""/>
    <property name="java.vendor.url" value="http://java.oracle.com/"/>
    <property name="user.timezone" value="Asia/Shanghai"/>
    <property name="java.vm.specification.version" value="1.8"/>
    <property name="os.name" value="Windows 10"/>
    <property name="user.country" value="CN"/>
    <property name="sun.java.launcher" value="SUN_STANDARD"/>
    <property name="sun.boot.library.path" value="C:\Program Files\Java\jdk1.8.0_202\jre\bin"/>
    <property name="sun.java.command" value="C:\Users\ADMINI~1\AppData\Local\Temp\surefire6609054341797083674\surefirebooter1734438108575285264.jar C:\Users\Administrator\AppData\Local\Temp\surefire6609054341797083674 2021-07-12T11-57-49_567-jvmRun1 surefire4161325040191136955tmp surefire_03546060475154352359tmp"/>
    <property name="surefire.test.class.path" value="E:\IdeaSpringCould\malllcms\target\test-classes;E:\IdeaSpringCould\malllcms\target\classes;E:\maven\apache-maven-3.6.3\conf\repository\org\springframework\boot\spring-boot-starter-jdbc\2.4.4\spring-boot-starter-jdbc-2.4.4.jar;E:\maven\apache-maven-3.6.3\conf\repository\org\springframework\boot\spring-boot-starter\2.4.4\spring-boot-starter-2.4.4.jar;E:\maven\apache-maven-3.6.3\conf\repository\org\springframework\boot\spring-boot\2.4.4\spring-boot-2.4.4.jar;E:\maven\apache-maven-3.6.3\conf\repository\org\springframework\boot\spring-boot-starter-logging\2.4.4\spring-boot-starter-logging-2.4.4.jar;E:\maven\apache-maven-3.6.3\conf\repository\ch\qos\logback\logback-classic\1.2.3\logback-classic-1.2.3.jar;E:\maven\apache-maven-3.6.3\conf\repository\ch\qos\logback\logback-core\1.2.3\logback-core-1.2.3.jar;E:\maven\apache-maven-3.6.3\conf\repository\org\apache\logging\log4j\log4j-to-slf4j\2.13.3\log4j-to-slf4j-2.13.3.jar;E:\maven\apache-maven-3.6.3\conf\repository\org\apache\logging\log4j\log4j-api\2.13.3\log4j-api-2.13.3.jar;E:\maven\apache-maven-3.6.3\conf\repository\org\slf4j\jul-to-slf4j\1.7.30\jul-to-slf4j-1.7.30.jar;E:\maven\apache-maven-3.6.3\conf\repository\jakarta\annotation\jakarta.annotation-api\1.3.5\jakarta.annotation-api-1.3.5.jar;E:\maven\apache-maven-3.6.3\conf\repository\org\yaml\snakeyaml\1.27\snakeyaml-1.27.jar;E:\maven\apache-maven-3.6.3\conf\repository\com\zaxxer\HikariCP\3.4.5\HikariCP-3.4.5.jar;E:\maven\apache-maven-3.6.3\conf\repository\org\springframework\spring-jdbc\5.3.5\spring-jdbc-5.3.5.jar;E:\maven\apache-maven-3.6.3\conf\repository\org\springframework\spring-beans\5.3.5\spring-beans-5.3.5.jar;E:\maven\apache-maven-3.6.3\conf\repository\org\springframework\spring-tx\5.3.5\spring-tx-5.3.5.jar;E:\maven\apache-maven-3.6.3\conf\repository\org\springframework\boot\spring-boot-starter-thymeleaf\2.4.4\spring-boot-starter-thymeleaf-2.4.4.jar;E:\maven\apache-maven-3.6.3\conf\repository\org\thymeleaf\thymeleaf-spring5\3.0.12.RELEASE\thymeleaf-spring5-3.0.12.RELEASE.jar;E:\maven\apache-maven-3.6.3\conf\repository\org\thymeleaf\thymeleaf\3.0.12.RELEASE\thymeleaf-3.0.12.RELEASE.jar;E:\maven\apache-maven-3.6.3\conf\repository\org\attoparser\attoparser\2.0.5.RELEASE\attoparser-2.0.5.RELEASE.jar;E:\maven\apache-maven-3.6.3\conf\repository\org\unbescape\unbescape\1.1.6.RELEASE\unbescape-1.1.6.RELEASE.jar;E:\maven\apache-maven-3.6.3\conf\repository\org\thymeleaf\extras\thymeleaf-extras-java8time\3.0.4.RELEASE\thymeleaf-extras-java8time-3.0.4.RELEASE.jar;E:\maven\apache-maven-3.6.3\conf\repository\org\springframework\boot\spring-boot-starter-web\2.4.4\spring-boot-starter-web-2.4.4.jar;E:\maven\apache-maven-3.6.3\conf\repository\org\springframework\boot\spring-boot-starter-json\2.4.4\spring-boot-starter-json-2.4.4.jar;E:\maven\apache-maven-3.6.3\conf\repository\com\fasterxml\jackson\core\jackson-databind\2.11.4\jackson-databind-2.11.4.jar;E:\maven\apache-maven-3.6.3\conf\repository\com\fasterxml\jackson\datatype\jackson-datatype-jdk8\2.11.4\jackson-datatype-jdk8-2.11.4.jar;E:\maven\apache-maven-3.6.3\conf\repository\com\fasterxml\jackson\datatype\jackson-datatype-jsr310\2.11.4\jackson-datatype-jsr310-2.11.4.jar;E:\maven\apache-maven-3.6.3\conf\repository\com\fasterxml\jackson\module\jackson-module-parameter-names\2.11.4\jackson-module-parameter-names-2.11.4.jar;E:\maven\apache-maven-3.6.3\conf\repository\org\springframework\boot\spring-boot-starter-tomcat\2.4.4\spring-boot-starter-tomcat-2.4.4.jar;E:\maven\apache-maven-3.6.3\conf\repository\org\apache\tomcat\embed\tomcat-embed-core\9.0.44\tomcat-embed-core-9.0.44.jar;E:\maven\apache-maven-3.6.3\conf\repository\org\glassfish\jakarta.el\3.0.3\jakarta.el-3.0.3.jar;E:\maven\apache-maven-3.6.3\conf\repository\org\apache\tomcat\embed\tomcat-embed-websocket\9.0.44\tomcat-embed-websocket-9.0.44.jar;E:\maven\apache-maven-3.6.3\conf\repository\org\springframework\spring-web\5.3.5\spring-web-5.3.5.jar;E:\maven\apache-maven-3.6.3\conf\repository\org\springframework\spring-webmvc\5.3.5\spring-webmvc-5.3.5.jar;E:\maven\apache-maven-3.6.3\conf\repository\org\springframework\spring-aop\5.3.5\spring-aop-5.3.5.jar;E:\maven\apache-maven-3.6.3\conf\repository\org\springframework\spring-context\5.3.5\spring-context-5.3.5.jar;E:\maven\apache-maven-3.6.3\conf\repository\org\springframework\spring-expression\5.3.5\spring-expression-5.3.5.jar;E:\maven\apache-maven-3.6.3\conf\repository\org\mybatis\spring\boot\mybatis-spring-boot-starter\2.1.4\mybatis-spring-boot-starter-2.1.4.jar;E:\maven\apache-maven-3.6.3\conf\repository\org\mybatis\spring\boot\mybatis-spring-boot-autoconfigure\2.1.4\mybatis-spring-boot-autoconfigure-2.1.4.jar;E:\maven\apache-maven-3.6.3\conf\repository\org\mybatis\mybatis\3.5.6\mybatis-3.5.6.jar;E:\maven\apache-maven-3.6.3\conf\repository\org\mybatis\mybatis-spring\2.0.6\mybatis-spring-2.0.6.jar;E:\maven\apache-maven-3.6.3\conf\repository\mysql\mysql-connector-java\8.0.23\mysql-connector-java-8.0.23.jar;E:\maven\apache-maven-3.6.3\conf\repository\org\projectlombok\lombok\1.18.18\lombok-1.18.18.jar;E:\maven\apache-maven-3.6.3\conf\repository\org\springframework\boot\spring-boot-starter-test\2.4.4\spring-boot-starter-test-2.4.4.jar;E:\maven\apache-maven-3.6.3\conf\repository\org\springframework\boot\spring-boot-test\2.4.4\spring-boot-test-2.4.4.jar;E:\maven\apache-maven-3.6.3\conf\repository\org\springframework\boot\spring-boot-test-autoconfigure\2.4.4\spring-boot-test-autoconfigure-2.4.4.jar;E:\maven\apache-maven-3.6.3\conf\repository\com\jayway\jsonpath\json-path\2.4.0\json-path-2.4.0.jar;E:\maven\apache-maven-3.6.3\conf\repository\net\minidev\json-smart\2.3\json-smart-2.3.jar;E:\maven\apache-maven-3.6.3\conf\repository\net\minidev\accessors-smart\1.2\accessors-smart-1.2.jar;E:\maven\apache-maven-3.6.3\conf\repository\org\ow2\asm\asm\5.0.4\asm-5.0.4.jar;E:\maven\apache-maven-3.6.3\conf\repository\jakarta\xml\bind\jakarta.xml.bind-api\2.3.3\jakarta.xml.bind-api-2.3.3.jar;E:\maven\apache-maven-3.6.3\conf\repository\jakarta\activation\jakarta.activation-api\1.2.2\jakarta.activation-api-1.2.2.jar;E:\maven\apache-maven-3.6.3\conf\repository\org\assertj\assertj-core\3.18.1\assertj-core-3.18.1.jar;E:\maven\apache-maven-3.6.3\conf\repository\org\hamcrest\hamcrest\2.2\hamcrest-2.2.jar;E:\maven\apache-maven-3.6.3\conf\repository\org\junit\jupiter\junit-jupiter\5.7.1\junit-jupiter-5.7.1.jar;E:\maven\apache-maven-3.6.3\conf\repository\org\junit\jupiter\junit-jupiter-api\5.7.1\junit-jupiter-api-5.7.1.jar;E:\maven\apache-maven-3.6.3\conf\repository\org\apiguardian\apiguardian-api\1.1.0\apiguardian-api-1.1.0.jar;E:\maven\apache-maven-3.6.3\conf\repository\org\opentest4j\opentest4j\1.2.0\opentest4j-1.2.0.jar;E:\maven\apache-maven-3.6.3\conf\repository\org\junit\platform\junit-platform-commons\1.7.1\junit-platform-commons-1.7.1.jar;E:\maven\apache-maven-3.6.3\conf\repository\org\junit\jupiter\junit-jupiter-params\5.7.1\junit-jupiter-params-5.7.1.jar;E:\maven\apache-maven-3.6.3\conf\repository\org\junit\jupiter\junit-jupiter-engine\5.7.1\junit-jupiter-engine-5.7.1.jar;E:\maven\apache-maven-3.6.3\conf\repository\org\junit\platform\junit-platform-engine\1.7.1\junit-platform-engine-1.7.1.jar;E:\maven\apache-maven-3.6.3\conf\repository\org\mockito\mockito-core\3.6.28\mockito-core-3.6.28.jar;E:\maven\apache-maven-3.6.3\conf\repository\net\bytebuddy\byte-buddy\1.10.22\byte-buddy-1.10.22.jar;E:\maven\apache-maven-3.6.3\conf\repository\net\bytebuddy\byte-buddy-agent\1.10.22\byte-buddy-agent-1.10.22.jar;E:\maven\apache-maven-3.6.3\conf\repository\org\objenesis\objenesis\3.1\objenesis-3.1.jar;E:\maven\apache-maven-3.6.3\conf\repository\org\mockito\mockito-junit-jupiter\3.6.28\mockito-junit-jupiter-3.6.28.jar;E:\maven\apache-maven-3.6.3\conf\repository\org\skyscreamer\jsonassert\1.5.0\jsonassert-1.5.0.jar;E:\maven\apache-maven-3.6.3\conf\repository\com\vaadin\external\google\android-json\0.0.20131108.vaadin1\android-json-0.0.20131108.vaadin1.jar;E:\maven\apache-maven-3.6.3\conf\repository\org\springframework\spring-core\5.3.5\spring-core-5.3.5.jar;E:\maven\apache-maven-3.6.3\conf\repository\org\springframework\spring-jcl\5.3.5\spring-jcl-5.3.5.jar;E:\maven\apache-maven-3.6.3\conf\repository\org\springframework\spring-test\5.3.5\spring-test-5.3.5.jar;E:\maven\apache-maven-3.6.3\conf\repository\org\xmlunit\xmlunit-core\2.7.0\xmlunit-core-2.7.0.jar;E:\maven\apache-maven-3.6.3\conf\repository\com\alibaba\druid-spring-boot-starter\1.1.20\druid-spring-boot-starter-1.1.20.jar;E:\maven\apache-maven-3.6.3\conf\repository\com\alibaba\druid\1.1.20\druid-1.1.20.jar;E:\maven\apache-maven-3.6.3\conf\repository\org\slf4j\slf4j-api\1.7.30\slf4j-api-1.7.30.jar;E:\maven\apache-maven-3.6.3\conf\repository\org\springframework\boot\spring-boot-autoconfigure\2.4.4\spring-boot-autoconfigure-2.4.4.jar;E:\maven\apache-maven-3.6.3\conf\repository\org\apache\shiro\shiro-spring\1.6.0\shiro-spring-1.6.0.jar;E:\maven\apache-maven-3.6.3\conf\repository\org\apache\shiro\shiro-core\1.6.0\shiro-core-1.6.0.jar;E:\maven\apache-maven-3.6.3\conf\repository\org\apache\shiro\shiro-lang\1.6.0\shiro-lang-1.6.0.jar;E:\maven\apache-maven-3.6.3\conf\repository\org\apache\shiro\shiro-cache\1.6.0\shiro-cache-1.6.0.jar;E:\maven\apache-maven-3.6.3\conf\repository\org\apache\shiro\shiro-crypto-hash\1.6.0\shiro-crypto-hash-1.6.0.jar;E:\maven\apache-maven-3.6.3\conf\repository\org\apache\shiro\shiro-crypto-core\1.6.0\shiro-crypto-core-1.6.0.jar;E:\maven\apache-maven-3.6.3\conf\repository\org\apache\shiro\shiro-crypto-cipher\1.6.0\shiro-crypto-cipher-1.6.0.jar;E:\maven\apache-maven-3.6.3\conf\repository\org\apache\shiro\shiro-config-core\1.6.0\shiro-config-core-1.6.0.jar;E:\maven\apache-maven-3.6.3\conf\repository\org\apache\shiro\shiro-config-ogdl\1.6.0\shiro-config-ogdl-1.6.0.jar;E:\maven\apache-maven-3.6.3\conf\repository\commons-beanutils\commons-beanutils\1.9.4\commons-beanutils-1.9.4.jar;E:\maven\apache-maven-3.6.3\conf\repository\commons-collections\commons-collections\3.2.2\commons-collections-3.2.2.jar;E:\maven\apache-maven-3.6.3\conf\repository\org\apache\shiro\shiro-event\1.6.0\shiro-event-1.6.0.jar;E:\maven\apache-maven-3.6.3\conf\repository\org\apache\shiro\shiro-web\1.6.0\shiro-web-1.6.0.jar;E:\maven\apache-maven-3.6.3\conf\repository\org\owasp\encoder\encoder\1.2.2\encoder-1.2.2.jar;E:\maven\apache-maven-3.6.3\conf\repository\com\github\theborakompanioni\thymeleaf-extras-shiro\2.0.0\thymeleaf-extras-shiro-2.0.0.jar;E:\maven\apache-maven-3.6.3\conf\repository\log4j\log4j\1.2.17\log4j-1.2.17.jar;E:\maven\apache-maven-3.6.3\conf\repository\com\github\pagehelper\pagehelper-spring-boot-starter\1.2.5\pagehelper-spring-boot-starter-1.2.5.jar;E:\maven\apache-maven-3.6.3\conf\repository\com\github\pagehelper\pagehelper-spring-boot-autoconfigure\1.2.5\pagehelper-spring-boot-autoconfigure-1.2.5.jar;E:\maven\apache-maven-3.6.3\conf\repository\com\github\pagehelper\pagehelper\5.1.4\pagehelper-5.1.4.jar;E:\maven\apache-maven-3.6.3\conf\repository\com\github\jsqlparser\jsqlparser\1.0\jsqlparser-1.0.jar;E:\maven\apache-maven-3.6.3\conf\repository\commons-io\commons-io\2.6\commons-io-2.6.jar;E:\maven\apache-maven-3.6.3\conf\repository\com\fasterxml\jackson\core\jackson-annotations\2.11.4\jackson-annotations-2.11.4.jar;E:\maven\apache-maven-3.6.3\conf\repository\com\fasterxml\jackson\core\jackson-core\2.11.4\jackson-core-2.11.4.jar;E:\maven\apache-maven-3.6.3\conf\repository\cn\hutool\hutool-all\5.4.7\hutool-all-5.4.7.jar;E:\maven\apache-maven-3.6.3\conf\repository\org\hibernate\validator\hibernate-validator\6.0.21.Final\hibernate-validator-6.0.21.Final.jar;E:\maven\apache-maven-3.6.3\conf\repository\javax\validation\validation-api\2.0.1.Final\validation-api-2.0.1.Final.jar;E:\maven\apache-maven-3.6.3\conf\repository\org\jboss\logging\jboss-logging\3.4.1.Final\jboss-logging-3.4.1.Final.jar;E:\maven\apache-maven-3.6.3\conf\repository\com\fasterxml\classmate\1.5.1\classmate-1.5.1.jar;E:\maven\apache-maven-3.6.3\conf\repository\io\springfox\springfox-swagger2\2.9.2\springfox-swagger2-2.9.2.jar;E:\maven\apache-maven-3.6.3\conf\repository\io\swagger\swagger-annotations\1.5.20\swagger-annotations-1.5.20.jar;E:\maven\apache-maven-3.6.3\conf\repository\io\swagger\swagger-models\1.5.20\swagger-models-1.5.20.jar;E:\maven\apache-maven-3.6.3\conf\repository\io\springfox\springfox-spi\2.9.2\springfox-spi-2.9.2.jar;E:\maven\apache-maven-3.6.3\conf\repository\io\springfox\springfox-core\2.9.2\springfox-core-2.9.2.jar;E:\maven\apache-maven-3.6.3\conf\repository\io\springfox\springfox-schema\2.9.2\springfox-schema-2.9.2.jar;E:\maven\apache-maven-3.6.3\conf\repository\io\springfox\springfox-swagger-common\2.9.2\springfox-swagger-common-2.9.2.jar;E:\maven\apache-maven-3.6.3\conf\repository\io\springfox\springfox-spring-web\2.9.2\springfox-spring-web-2.9.2.jar;E:\maven\apache-maven-3.6.3\conf\repository\com\google\guava\guava\20.0\guava-20.0.jar;E:\maven\apache-maven-3.6.3\conf\repository\org\springframework\plugin\spring-plugin-core\1.2.0.RELEASE\spring-plugin-core-1.2.0.RELEASE.jar;E:\maven\apache-maven-3.6.3\conf\repository\org\springframework\plugin\spring-plugin-metadata\1.2.0.RELEASE\spring-plugin-metadata-1.2.0.RELEASE.jar;E:\maven\apache-maven-3.6.3\conf\repository\org\mapstruct\mapstruct\1.2.0.Final\mapstruct-1.2.0.Final.jar;E:\maven\apache-maven-3.6.3\conf\repository\io\springfox\springfox-swagger-ui\2.9.2\springfox-swagger-ui-2.9.2.jar;E:\maven\apache-maven-3.6.3\conf\repository\commons-codec\commons-codec\1.15\commons-codec-1.15.jar;E:\maven\apache-maven-3.6.3\conf\repository\org\apache\commons\commons-lang3\3.6\commons-lang3-3.6.jar;"/>
    <property name="sun.cpu.endian" value="little"/>
    <property name="user.home" value="C:\Users\Administrator"/>
    <property name="user.language" value="zh"/>
    <property name="java.specification.vendor" value="Oracle Corporation"/>
    <property name="java.home" value="C:\Program Files\Java\jdk1.8.0_202\jre"/>
    <property name="basedir" value="E:\IdeaSpringCould\malllcms"/>
    <property name="file.separator" value="\"/>
    <property name="line.separator" value="&#10;"/>
    <property name="java.vm.specification.vendor" value="Oracle Corporation"/>
    <property name="java.specification.name" value="Java Platform API Specification"/>
    <property name="java.awt.graphicsenv" value="sun.awt.Win32GraphicsEnvironment"/>
    <property name="surefire.real.class.path" value="C:\Users\ADMINI~1\AppData\Local\Temp\surefire6609054341797083674\surefirebooter1734438108575285264.jar"/>
    <property name="sun.boot.class.path" value="C:\Program Files\Java\jdk1.8.0_202\jre\lib\resources.jar;C:\Program Files\Java\jdk1.8.0_202\jre\lib\rt.jar;C:\Program Files\Java\jdk1.8.0_202\jre\lib\sunrsasign.jar;C:\Program Files\Java\jdk1.8.0_202\jre\lib\jsse.jar;C:\Program Files\Java\jdk1.8.0_202\jre\lib\jce.jar;C:\Program Files\Java\jdk1.8.0_202\jre\lib\charsets.jar;C:\Program Files\Java\jdk1.8.0_202\jre\lib\jfr.jar;C:\Program Files\Java\jdk1.8.0_202\jre\classes"/>
    <property name="user.script" value=""/>
    <property name="sun.management.compiler" value="HotSpot 64-Bit Tiered Compilers"/>
    <property name="java.runtime.version" value="1.8.0_202-b08"/>
    <property name="user.name" value="Administrator"/>
    <property name="path.separator" value=";"/>
    <property name="os.version" value="10.0"/>
    <property name="java.endorsed.dirs" value="C:\Program Files\Java\jdk1.8.0_202\jre\lib\endorsed"/>
    <property name="java.runtime.name" value="Java(TM) SE Runtime Environment"/>
    <property name="file.encoding" value="GBK"/>
    <property name="java.vm.name" value="Java HotSpot(TM) 64-Bit Server VM"/>
    <property name="localRepository" value="E:\maven\apache-maven-3.6.3\conf\repository"/>
    <property name="java.vendor.url.bug" value="http://bugreport.sun.com/bugreport/"/>
    <property name="java.io.tmpdir" value="C:\Users\ADMINI~1\AppData\Local\Temp\"/>
    <property name="idea.version" value="2020.3.2"/>
    <property name="java.version" value="1.8.0_202"/>
    <property name="user.dir" value="E:\IdeaSpringCould\malllcms"/>
    <property name="os.arch" value="amd64"/>
    <property name="java.vm.specification.name" value="Java Virtual Machine Specification"/>
    <property name="java.awt.printerjob" value="sun.awt.windows.WPrinterJob"/>
    <property name="sun.os.patch.level" value=""/>
    <property name="java.library.path" value="C:\Program Files\Java\jdk1.8.0_202\jre\bin;C:\Windows\Sun\Java\bin;C:\Windows\system32;C:\Windows;D:\VMware\bin\;G:\app\Administrator\product\11.2.0\dbhome_1\bin;C:\Program Files (x86)\Common Files\Oracle\Java\javapath;C:\Program Files\Java\jdk1.8.0_202\bin;C:\Windows\system32;C:\Windows;C:\Windows\System32\Wbem;C:\Windows\System32\WindowsPowerShell\v1.0\;C:\Windows\System32\OpenSSH\;C:\Program Files\Java\jdk1.8.0_202\jre\bin;F:\11.26\bin;C:\Program Files\MySQL\MySQL Server 5.7\bin;G:\app\Administrator\product\11.2.0\dbhome_1\bin;G:\app\Administrator\product\11.2.0\dbhome_1\NETWORK\ADMINbin;AMERICAN_AMERICA.AL32UTF8bin;AMERICAN_AMERICA.AL32UTF8bin;G:\apache-tomcat-8.5.60\apache-tomcat-8.5.60\bin;E:\maven\apache-maven-3.6.3\bin;E:\git\Git\cmd;D:\NodeJS\;D:\xftp\;D:\xshell\;G:\apache-jmeter-5.4.1\apache-jmeter-5.4.1\bin;C:\Users\Administrator\AppData\Local\Microsoft\WindowsApps;;E:\IntelliJ IDEA 2020.3.2\bin;;C:\Program Files\Bandizip\;E:\Microsoft VS Code\bin;C:\Users\Administrator\AppData\Roaming\npm;D:\WebStorm 2021.1.3\bin;;."/>
    <property name="java.vm.info" value="mixed mode"/>
    <property name="java.vendor" value="Oracle Corporation"/>
    <property name="java.vm.version" value="25.202-b08"/>
    <property name="java.ext.dirs" value="C:\Program Files\Java\jdk1.8.0_202\jre\lib\ext;C:\Windows\Sun\Java\lib\ext"/>
    <property name="sun.io.unicode.encoding" value="UnicodeLittle"/>
    <property name="maven.repo.local" value="E:\maven\apache-maven-3.6.3\conf\repository"/>
    <property name="java.class.version" value="52.0"/>
  </properties>
  <testcase name="contextLoads" classname="com.jackguo.CarcmsApplicationTests" time="0.196"/>
</testsuite>